<?xml version="1.0" encoding="UTF-8"?>
<!-- Generated by org.testng.reporters.JUnitXMLReporter -->
<testsuite ignored="2" hostname="DISYS-C1CFRT2" failures="0" tests="1" name="Default test" time="37.464" errors="0" timestamp="30 Apr 2021 20:13:41 GMT">
  <testcase classname="amazon.AddProduct" name="addProduct" time="28.093"/>
  <testcase classname="amazon.generics.BaseClass" name="@AfterTest closeBrowser" time="0.0">
    <ignored/>
  </testcase> <!-- @AfterTest closeBrowser -->
  <testcase classname="amazon.generics.BaseClass" name="@BeforeTest openBrowser" time="0.0">
    <ignored/>
  </testcase> <!-- @BeforeTest openBrowser -->
</testsuite> <!-- Default test -->
